[2017-02-23 00:08:43 -0800] [36472] [CRITICAL] WORKER TIMEOUT (pid:36480)
[2017-02-23 00:08:43 -0800] [36472] [CRITICAL] WORKER TIMEOUT (pid:36481)
[2017-02-23 00:08:43 -0800] [36472] [CRITICAL] WORKER TIMEOUT (pid:36482)
[2017-02-23 00:08:43 -0800] [36472] [CRITICAL] WORKER TIMEOUT (pid:36483)
[2017-02-23 00:08:43 -0800] [36472] [CRITICAL] WORKER TIMEOUT (pid:36484)
[2017-02-23 00:08:43 -0800] [36472] [CRITICAL] WORKER TIMEOUT (pid:36476)
[2017-02-23 00:08:43 -0800] [36472] [CRITICAL] WORKER TIMEOUT (pid:36477)
[2017-02-23 00:08:43 -0800] [36472] [CRITICAL] WORKER TIMEOUT (pid:36478)
[2017-02-23 00:08:43 -0800] [36472] [CRITICAL] WORKER TIMEOUT (pid:36479)
[2017-02-23 01:08:51 -0800] [36472] [CRITICAL] WORKER TIMEOUT (pid:36611)
[2017-02-23 01:08:51 -0800] [36472] [CRITICAL] WORKER TIMEOUT (pid:36612)
[2017-02-23 01:08:51 -0800] [36472] [CRITICAL] WORKER TIMEOUT (pid:36613)
[2017-02-23 01:08:51 -0800] [36472] [CRITICAL] WORKER TIMEOUT (pid:36614)
[2017-02-23 01:08:51 -0800] [36472] [CRITICAL] WORKER TIMEOUT (pid:36616)
[2017-02-23 01:08:51 -0800] [36472] [CRITICAL] WORKER TIMEOUT (pid:36617)
[2017-02-23 01:08:51 -0800] [36472] [CRITICAL] WORKER TIMEOUT (pid:36618)
[2017-02-23 01:08:51 -0800] [36472] [CRITICAL] WORKER TIMEOUT (pid:36619)
[2017-02-23 01:08:51 -0800] [36472] [CRITICAL] WORKER TIMEOUT (pid:36620)
[2017-02-23 03:09:07 -0800] [36472] [CRITICAL] WORKER TIMEOUT (pid:36627)
[2017-02-23 03:09:07 -0800] [36472] [CRITICAL] WORKER TIMEOUT (pid:36628)
[2017-02-23 03:09:07 -0800] [36472] [CRITICAL] WORKER TIMEOUT (pid:36629)
[2017-02-23 03:09:07 -0800] [36472] [CRITICAL] WORKER TIMEOUT (pid:36630)
[2017-02-23 03:09:07 -0800] [36472] [CRITICAL] WORKER TIMEOUT (pid:36631)
[2017-02-23 03:09:07 -0800] [36472] [CRITICAL] WORKER TIMEOUT (pid:36632)
[2017-02-23 03:09:07 -0800] [36472] [CRITICAL] WORKER TIMEOUT (pid:36634)
[2017-02-23 07:09:47 -0800] [36472] [CRITICAL] WORKER TIMEOUT (pid:36643)
[2017-02-23 07:09:47 -0800] [36472] [CRITICAL] WORKER TIMEOUT (pid:36644)
[2017-02-23 07:09:47 -0800] [36472] [CRITICAL] WORKER TIMEOUT (pid:36645)
[2017-02-23 07:09:47 -0800] [36472] [CRITICAL] WORKER TIMEOUT (pid:36646)
[2017-02-23 07:09:47 -0800] [36472] [CRITICAL] WORKER TIMEOUT (pid:36647)
[2017-02-23 07:09:47 -0800] [36472] [CRITICAL] WORKER TIMEOUT (pid:36648)
[2017-02-23 07:09:47 -0800] [36472] [CRITICAL] WORKER TIMEOUT (pid:36649)
[2017-02-23 07:09:47 -0800] [36472] [CRITICAL] WORKER TIMEOUT (pid:36633)
[2017-02-23 07:09:47 -0800] [36472] [CRITICAL] WORKER TIMEOUT (pid:36635)
[2017-02-23 09:10:00 -0800] [36472] [CRITICAL] WORKER TIMEOUT (pid:36704)
[2017-02-23 09:10:00 -0800] [36472] [CRITICAL] WORKER TIMEOUT (pid:36705)
[2017-02-23 09:10:00 -0800] [36472] [CRITICAL] WORKER TIMEOUT (pid:36706)
[2017-02-23 09:10:00 -0800] [36472] [CRITICAL] WORKER TIMEOUT (pid:36707)
[2017-02-23 09:10:00 -0800] [36472] [CRITICAL] WORKER TIMEOUT (pid:36699)
[2017-02-23 09:10:00 -0800] [36472] [CRITICAL] WORKER TIMEOUT (pid:36700)
[2017-02-23 09:10:00 -0800] [36472] [CRITICAL] WORKER TIMEOUT (pid:36701)
[2017-02-23 09:10:00 -0800] [36472] [CRITICAL] WORKER TIMEOUT (pid:36702)
[2017-02-23 09:10:00 -0800] [36472] [CRITICAL] WORKER TIMEOUT (pid:36703)
[2017-02-23 09:33:04 -0800] [36472] [CRITICAL] WORKER TIMEOUT (pid:36715)
[2017-02-23 09:34:04 -0800] [36472] [CRITICAL] WORKER TIMEOUT (pid:36716)
[2017-02-23 09:34:04 -0800] [36472] [CRITICAL] WORKER TIMEOUT (pid:36717)
[2017-02-23 09:34:04 -0800] [36472] [CRITICAL] WORKER TIMEOUT (pid:36718)
[2017-02-23 09:34:04 -0800] [36472] [CRITICAL] WORKER TIMEOUT (pid:36719)
[2017-02-23 09:34:04 -0800] [36472] [CRITICAL] WORKER TIMEOUT (pid:36720)
[2017-02-23 09:34:04 -0800] [36472] [CRITICAL] WORKER TIMEOUT (pid:36721)
[2017-02-23 09:34:04 -0800] [36472] [CRITICAL] WORKER TIMEOUT (pid:36722)
[2017-02-23 09:34:04 -0800] [36472] [CRITICAL] WORKER TIMEOUT (pid:36723)
[2017-02-23 09:34:05 -0800] [36472] [CRITICAL] WORKER TIMEOUT (pid:36738)
[2017-02-23 09:35:17 -0800] [36472] [CRITICAL] WORKER TIMEOUT (pid:36771)
[2017-02-23 09:35:17 -0800] [36472] [CRITICAL] WORKER TIMEOUT (pid:36772)
[2017-02-23 09:35:17 -0800] [36472] [CRITICAL] WORKER TIMEOUT (pid:36773)
[2017-02-23 09:35:17 -0800] [36472] [CRITICAL] WORKER TIMEOUT (pid:36774)
[2017-02-23 09:35:17 -0800] [36472] [CRITICAL] WORKER TIMEOUT (pid:36776)
[2017-02-23 09:35:17 -0800] [36472] [CRITICAL] WORKER TIMEOUT (pid:36778)
[2017-02-23 09:35:17 -0800] [36472] [CRITICAL] WORKER TIMEOUT (pid:36779)
[2017-02-23 09:35:17 -0800] [36472] [CRITICAL] WORKER TIMEOUT (pid:36770)
[2017-02-23 09:35:17 -0800] [36472] [CRITICAL] WORKER TIMEOUT (pid:36781)
[2017-02-23 09:36:32 -0800] [36472] [CRITICAL] WORKER TIMEOUT (pid:36787)
[2017-02-23 09:36:32 -0800] [36472] [CRITICAL] WORKER TIMEOUT (pid:36788)
[2017-02-23 09:36:32 -0800] [36472] [CRITICAL] WORKER TIMEOUT (pid:36789)
[2017-02-23 09:36:32 -0800] [36472] [CRITICAL] WORKER TIMEOUT (pid:36790)
[2017-02-23 09:36:32 -0800] [36472] [CRITICAL] WORKER TIMEOUT (pid:36791)
[2017-02-23 09:36:32 -0800] [36472] [CRITICAL] WORKER TIMEOUT (pid:36792)
[2017-02-23 09:36:32 -0800] [36472] [CRITICAL] WORKER TIMEOUT (pid:36793)
[2017-02-23 09:36:32 -0800] [36472] [CRITICAL] WORKER TIMEOUT (pid:36794)
[2017-02-23 09:36:32 -0800] [36472] [CRITICAL] WORKER TIMEOUT (pid:36795)
[2017-02-23 10:34:56 -0800] [36977] [CRITICAL] WORKER TIMEOUT (pid:36981)
[2017-02-23 10:34:56 -0800] [36977] [CRITICAL] WORKER TIMEOUT (pid:36982)
[2017-02-23 10:34:56 -0800] [36977] [CRITICAL] WORKER TIMEOUT (pid:36983)
[2017-02-23 10:34:56 -0800] [36977] [CRITICAL] WORKER TIMEOUT (pid:36984)
[2017-02-23 10:34:56 -0800] [36977] [CRITICAL] WORKER TIMEOUT (pid:36985)
[2017-02-23 10:34:56 -0800] [36977] [CRITICAL] WORKER TIMEOUT (pid:36987)
[2017-02-23 10:34:56 -0800] [36977] [CRITICAL] WORKER TIMEOUT (pid:36988)
[2017-02-23 10:34:56 -0800] [36977] [CRITICAL] WORKER TIMEOUT (pid:36989)
[2017-02-23 10:41:28 -0800] [36977] [CRITICAL] WORKER TIMEOUT (pid:37245)
[2017-02-23 10:41:28 -0800] [36977] [CRITICAL] WORKER TIMEOUT (pid:37240)
[2017-02-23 10:41:28 -0800] [36977] [CRITICAL] WORKER TIMEOUT (pid:37241)
[2017-02-23 10:41:28 -0800] [36977] [CRITICAL] WORKER TIMEOUT (pid:36986)
[2017-02-23 10:41:28 -0800] [36977] [CRITICAL] WORKER TIMEOUT (pid:37243)
[2017-02-23 10:41:28 -0800] [36977] [CRITICAL] WORKER TIMEOUT (pid:37244)
[2017-02-23 10:41:28 -0800] [36977] [CRITICAL] WORKER TIMEOUT (pid:37242)
[2017-02-23 10:41:28 -0800] [36977] [CRITICAL] WORKER TIMEOUT (pid:37246)
[2017-02-23 10:41:28 -0800] [36977] [CRITICAL] WORKER TIMEOUT (pid:37247)
[2017-02-23 11:28:14 -0800] [36977] [CRITICAL] WORKER TIMEOUT (pid:37267)
[2017-02-23 11:28:14 -0800] [36977] [CRITICAL] WORKER TIMEOUT (pid:37268)
[2017-02-23 11:28:14 -0800] [36977] [CRITICAL] WORKER TIMEOUT (pid:37269)
[2017-02-23 11:28:14 -0800] [36977] [CRITICAL] WORKER TIMEOUT (pid:37270)
[2017-02-23 11:28:14 -0800] [36977] [CRITICAL] WORKER TIMEOUT (pid:37271)
[2017-02-23 11:28:14 -0800] [36977] [CRITICAL] WORKER TIMEOUT (pid:37272)
[2017-02-23 11:28:14 -0800] [36977] [CRITICAL] WORKER TIMEOUT (pid:37273)
[2017-02-23 11:28:14 -0800] [36977] [CRITICAL] WORKER TIMEOUT (pid:37274)
[2017-02-23 11:28:14 -0800] [36977] [CRITICAL] WORKER TIMEOUT (pid:37276)
[2017-02-26 17:41:12 -0800] [46986] [CRITICAL] WORKER TIMEOUT (pid:46994)
[2017-02-26 17:41:12 -0800] [46986] [CRITICAL] WORKER TIMEOUT (pid:46998)
[2017-02-26 17:42:18 -0800] [46986] [CRITICAL] WORKER TIMEOUT (pid:46995)
[2017-02-26 17:42:18 -0800] [46986] [CRITICAL] WORKER TIMEOUT (pid:47036)
[2017-02-26 17:42:18 -0800] [46986] [CRITICAL] WORKER TIMEOUT (pid:47037)
[2017-02-26 17:45:26 -0800] [47152] [CRITICAL] WORKER TIMEOUT (pid:47156)
[2017-02-26 17:45:26 -0800] [47152] [CRITICAL] WORKER TIMEOUT (pid:47163)
[2017-02-26 17:46:49 -0800] [47152] [CRITICAL] WORKER TIMEOUT (pid:47203)
[2017-02-26 17:46:49 -0800] [47152] [CRITICAL] WORKER TIMEOUT (pid:47161)
2017-02-26 17:49:20,527 Exception on /ad [GET]
Traceback (most recent call last):
  File "/usr/local/lib/python2.7/site-packages/flask/app.py", line 1817, in wsgi_app
    response = self.full_dispatch_request()
  File "/usr/local/lib/python2.7/site-packages/flask/app.py", line 1477, in full_dispatch_request
    rv = self.handle_user_exception(e)
  File "/usr/local/lib/python2.7/site-packages/flask/app.py", line 1381, in handle_user_exception
    reraise(exc_type, exc_value, tb)
  File "/usr/local/lib/python2.7/site-packages/flask/app.py", line 1475, in full_dispatch_request
    rv = self.dispatch_request()
  File "/usr/local/lib/python2.7/site-packages/flask/app.py", line 1461, in dispatch_request
    return self.view_functions[rule.endpoint](**req.view_args)
  File "/usr/local/lib/python2.7/site-packages/psiturk/user_utils.py", line 20, in new_func
    resp = make_response(func(*args, **kwargs))
  File "/usr/local/lib/python2.7/site-packages/psiturk/experiment.py", line 317, in advertisement
    workerid=worker_id
  File "/usr/local/lib/python2.7/site-packages/flask/templating.py", line 142, in render_template_string
    return _render(ctx.app.jinja_env.from_string(source),
  File "/usr/local/lib/python2.7/site-packages/jinja2/environment.py", line 880, in from_string
    return cls.from_code(self, self.compile(source), globals, None)
  File "/usr/local/lib/python2.7/site-packages/jinja2/environment.py", line 591, in compile
    self.handle_exception(exc_info, source_hint=source_hint)
  File "/usr/local/lib/python2.7/site-packages/jinja2/environment.py", line 780, in handle_exception
    reraise(exc_type, exc_value, tb)
  File "<unknown>", line 117, in template
TemplateSyntaxError: Unexpected end of template. Jinja was looking for the following tags: 'endif'. The innermost block that needs to be closed is 'if'.
2017-02-26 17:49:32,787 Exception on /ad [GET]
Traceback (most recent call last):
  File "/usr/local/lib/python2.7/site-packages/flask/app.py", line 1817, in wsgi_app
    response = self.full_dispatch_request()
  File "/usr/local/lib/python2.7/site-packages/flask/app.py", line 1477, in full_dispatch_request
    rv = self.handle_user_exception(e)
  File "/usr/local/lib/python2.7/site-packages/flask/app.py", line 1381, in handle_user_exception
    reraise(exc_type, exc_value, tb)
  File "/usr/local/lib/python2.7/site-packages/flask/app.py", line 1475, in full_dispatch_request
    rv = self.dispatch_request()
  File "/usr/local/lib/python2.7/site-packages/flask/app.py", line 1461, in dispatch_request
    return self.view_functions[rule.endpoint](**req.view_args)
  File "/usr/local/lib/python2.7/site-packages/psiturk/user_utils.py", line 20, in new_func
    resp = make_response(func(*args, **kwargs))
  File "/usr/local/lib/python2.7/site-packages/psiturk/experiment.py", line 317, in advertisement
    workerid=worker_id
  File "/usr/local/lib/python2.7/site-packages/flask/templating.py", line 142, in render_template_string
    return _render(ctx.app.jinja_env.from_string(source),
  File "/usr/local/lib/python2.7/site-packages/jinja2/environment.py", line 880, in from_string
    return cls.from_code(self, self.compile(source), globals, None)
  File "/usr/local/lib/python2.7/site-packages/jinja2/environment.py", line 591, in compile
    self.handle_exception(exc_info, source_hint=source_hint)
  File "/usr/local/lib/python2.7/site-packages/jinja2/environment.py", line 780, in handle_exception
    reraise(exc_type, exc_value, tb)
  File "<unknown>", line 117, in template
TemplateSyntaxError: Unexpected end of template. Jinja was looking for the following tags: 'endif'. The innermost block that needs to be closed is 'if'.
[2017-02-27 01:01:07 -0800] [47678] [CRITICAL] WORKER TIMEOUT (pid:47682)
[2017-02-27 01:01:07 -0800] [47678] [CRITICAL] WORKER TIMEOUT (pid:47683)
[2017-02-27 01:01:07 -0800] [47678] [CRITICAL] WORKER TIMEOUT (pid:47684)
[2017-02-27 01:01:07 -0800] [47678] [CRITICAL] WORKER TIMEOUT (pid:47685)
[2017-02-27 01:01:07 -0800] [47678] [CRITICAL] WORKER TIMEOUT (pid:47686)
[2017-02-27 01:01:07 -0800] [47678] [CRITICAL] WORKER TIMEOUT (pid:47687)
[2017-02-27 01:01:07 -0800] [47678] [CRITICAL] WORKER TIMEOUT (pid:47688)
[2017-02-27 01:01:07 -0800] [47678] [CRITICAL] WORKER TIMEOUT (pid:47689)
[2017-02-27 01:01:07 -0800] [47678] [CRITICAL] WORKER TIMEOUT (pid:47690)
[2017-02-27 02:01:14 -0800] [47678] [CRITICAL] WORKER TIMEOUT (pid:48299)
[2017-02-27 02:01:14 -0800] [47678] [CRITICAL] WORKER TIMEOUT (pid:48296)
[2017-02-27 02:01:14 -0800] [47678] [CRITICAL] WORKER TIMEOUT (pid:48295)
[2017-02-27 02:01:14 -0800] [47678] [CRITICAL] WORKER TIMEOUT (pid:48300)
[2017-02-27 02:01:14 -0800] [47678] [CRITICAL] WORKER TIMEOUT (pid:48301)
[2017-02-27 02:01:14 -0800] [47678] [CRITICAL] WORKER TIMEOUT (pid:48302)
[2017-02-27 02:01:14 -0800] [47678] [CRITICAL] WORKER TIMEOUT (pid:48304)
[2017-02-27 02:01:14 -0800] [47678] [CRITICAL] WORKER TIMEOUT (pid:48297)
[2017-02-27 02:01:14 -0800] [47678] [CRITICAL] WORKER TIMEOUT (pid:48298)
[2017-02-27 04:01:27 -0800] [47678] [CRITICAL] WORKER TIMEOUT (pid:48320)
[2017-02-27 04:01:27 -0800] [47678] [CRITICAL] WORKER TIMEOUT (pid:48322)
[2017-02-27 06:02:21 -0800] [47678] [CRITICAL] WORKER TIMEOUT (pid:48321)
[2017-02-27 06:02:21 -0800] [47678] [CRITICAL] WORKER TIMEOUT (pid:48323)
[2017-02-27 06:02:21 -0800] [47678] [CRITICAL] WORKER TIMEOUT (pid:48324)
[2017-02-27 06:02:21 -0800] [47678] [CRITICAL] WORKER TIMEOUT (pid:48325)
[2017-02-27 06:02:21 -0800] [47678] [CRITICAL] WORKER TIMEOUT (pid:48326)
[2017-02-27 06:02:21 -0800] [47678] [CRITICAL] WORKER TIMEOUT (pid:48336)
[2017-02-27 06:02:21 -0800] [47678] [CRITICAL] WORKER TIMEOUT (pid:48337)
[2017-02-27 08:03:15 -0800] [47678] [CRITICAL] WORKER TIMEOUT (pid:48327)
[2017-02-27 08:03:15 -0800] [47678] [CRITICAL] WORKER TIMEOUT (pid:48328)
[2017-02-27 08:03:15 -0800] [47678] [CRITICAL] WORKER TIMEOUT (pid:48373)
[2017-02-27 08:03:15 -0800] [47678] [CRITICAL] WORKER TIMEOUT (pid:48374)
[2017-02-27 08:03:15 -0800] [47678] [CRITICAL] WORKER TIMEOUT (pid:48375)
[2017-02-27 08:03:15 -0800] [47678] [CRITICAL] WORKER TIMEOUT (pid:48376)
[2017-02-27 08:03:15 -0800] [47678] [CRITICAL] WORKER TIMEOUT (pid:48377)
[2017-02-27 08:03:15 -0800] [47678] [CRITICAL] WORKER TIMEOUT (pid:48378)
[2017-02-27 08:03:15 -0800] [47678] [CRITICAL] WORKER TIMEOUT (pid:48379)
[2017-02-27 09:13:24 -0800] [47678] [CRITICAL] WORKER TIMEOUT (pid:48391)
[2017-02-27 09:13:24 -0800] [47678] [CRITICAL] WORKER TIMEOUT (pid:48392)
[2017-02-27 09:13:24 -0800] [47678] [CRITICAL] WORKER TIMEOUT (pid:48393)
[2017-02-27 09:13:24 -0800] [47678] [CRITICAL] WORKER TIMEOUT (pid:48394)
[2017-02-27 09:13:24 -0800] [47678] [CRITICAL] WORKER TIMEOUT (pid:48395)
[2017-02-27 09:13:24 -0800] [47678] [CRITICAL] WORKER TIMEOUT (pid:48396)
[2017-02-27 09:13:24 -0800] [47678] [CRITICAL] WORKER TIMEOUT (pid:48397)
[2017-02-27 09:13:24 -0800] [47678] [CRITICAL] WORKER TIMEOUT (pid:48398)
[2017-02-27 09:13:24 -0800] [47678] [CRITICAL] WORKER TIMEOUT (pid:48399)
[2017-02-27 12:26:36 -0800] [47678] [CRITICAL] WORKER TIMEOUT (pid:48416)
[2017-02-27 13:28:38 -0800] [47678] [CRITICAL] WORKER TIMEOUT (pid:48417)
[2017-02-27 13:28:38 -0800] [47678] [CRITICAL] WORKER TIMEOUT (pid:48418)
[2017-02-27 13:28:38 -0800] [47678] [CRITICAL] WORKER TIMEOUT (pid:48419)
[2017-02-27 13:28:38 -0800] [47678] [CRITICAL] WORKER TIMEOUT (pid:48420)
[2017-02-27 13:28:38 -0800] [47678] [CRITICAL] WORKER TIMEOUT (pid:48421)
[2017-02-27 13:28:38 -0800] [47678] [CRITICAL] WORKER TIMEOUT (pid:48873)
[2017-02-27 13:28:38 -0800] [47678] [CRITICAL] WORKER TIMEOUT (pid:48413)
[2017-02-27 13:28:38 -0800] [47678] [CRITICAL] WORKER TIMEOUT (pid:48414)
[2017-02-27 13:28:38 -0800] [47678] [CRITICAL] WORKER TIMEOUT (pid:48415)
[2017-02-27 14:11:16 -0800] [47678] [CRITICAL] WORKER TIMEOUT (pid:48896)
[2017-02-27 14:11:16 -0800] [47678] [CRITICAL] WORKER TIMEOUT (pid:48898)
[2017-02-27 14:11:16 -0800] [47678] [CRITICAL] WORKER TIMEOUT (pid:48900)
[2017-02-27 14:11:16 -0800] [47678] [CRITICAL] WORKER TIMEOUT (pid:48901)
[2017-02-27 14:11:16 -0800] [47678] [CRITICAL] WORKER TIMEOUT (pid:48902)
[2017-02-27 14:11:16 -0800] [47678] [CRITICAL] WORKER TIMEOUT (pid:48897)
[2017-02-27 14:11:16 -0800] [47678] [CRITICAL] WORKER TIMEOUT (pid:48904)
[2017-02-27 14:11:16 -0800] [47678] [CRITICAL] WORKER TIMEOUT (pid:48903)
[2017-02-27 14:11:16 -0800] [47678] [CRITICAL] WORKER TIMEOUT (pid:48899)
[2017-02-27 14:34:23 -0800] [47678] [CRITICAL] WORKER TIMEOUT (pid:48928)
[2017-02-27 14:34:23 -0800] [47678] [CRITICAL] WORKER TIMEOUT (pid:48929)
[2017-02-27 14:36:41 -0800] [47678] [CRITICAL] WORKER TIMEOUT (pid:48930)
[2017-02-27 14:36:41 -0800] [47678] [CRITICAL] WORKER TIMEOUT (pid:48931)
[2017-02-27 14:36:41 -0800] [47678] [CRITICAL] WORKER TIMEOUT (pid:48932)
[2017-02-27 14:36:41 -0800] [47678] [CRITICAL] WORKER TIMEOUT (pid:48934)
[2017-02-27 14:36:41 -0800] [47678] [CRITICAL] WORKER TIMEOUT (pid:48946)
[2017-02-27 14:39:43 -0800] [47678] [CRITICAL] WORKER TIMEOUT (pid:48978)
[2017-02-27 14:39:43 -0800] [47678] [CRITICAL] WORKER TIMEOUT (pid:48979)
[2017-02-27 14:39:43 -0800] [47678] [CRITICAL] WORKER TIMEOUT (pid:48980)
[2017-02-27 14:39:43 -0800] [47678] [CRITICAL] WORKER TIMEOUT (pid:48981)
[2017-02-27 14:39:43 -0800] [47678] [CRITICAL] WORKER TIMEOUT (pid:48977)
[2017-02-27 14:42:09 -0800] [47678] [CRITICAL] WORKER TIMEOUT (pid:48992)
[2017-02-27 14:42:09 -0800] [47678] [CRITICAL] WORKER TIMEOUT (pid:48993)
[2017-02-27 14:42:09 -0800] [47678] [CRITICAL] WORKER TIMEOUT (pid:48994)
[2017-02-27 14:42:09 -0800] [47678] [CRITICAL] WORKER TIMEOUT (pid:48995)
[2017-02-27 14:42:09 -0800] [47678] [CRITICAL] WORKER TIMEOUT (pid:48996)
[2017-02-27 14:42:09 -0800] [47678] [CRITICAL] WORKER TIMEOUT (pid:48933)
[2017-02-27 14:42:09 -0800] [47678] [CRITICAL] WORKER TIMEOUT (pid:48935)
[2017-02-27 14:42:09 -0800] [47678] [CRITICAL] WORKER TIMEOUT (pid:48936)
[2017-02-27 14:42:09 -0800] [47678] [CRITICAL] WORKER TIMEOUT (pid:48945)
[2017-02-27 15:46:30 -0800] [47678] [CRITICAL] WORKER TIMEOUT (pid:49007)
[2017-02-27 15:46:30 -0800] [47678] [CRITICAL] WORKER TIMEOUT (pid:49008)
[2017-02-27 15:46:30 -0800] [47678] [CRITICAL] WORKER TIMEOUT (pid:49010)
[2017-02-27 15:46:30 -0800] [47678] [CRITICAL] WORKER TIMEOUT (pid:49011)
[2017-02-27 15:46:30 -0800] [47678] [CRITICAL] WORKER TIMEOUT (pid:49012)
[2017-02-27 15:46:30 -0800] [47678] [CRITICAL] WORKER TIMEOUT (pid:49013)
[2017-02-27 15:46:30 -0800] [47678] [CRITICAL] WORKER TIMEOUT (pid:49014)
[2017-02-27 15:46:30 -0800] [47678] [CRITICAL] WORKER TIMEOUT (pid:49015)
[2017-02-27 15:46:30 -0800] [47678] [CRITICAL] WORKER TIMEOUT (pid:49016)
[2017-02-27 15:59:20 -0800] [47678] [CRITICAL] WORKER TIMEOUT (pid:49267)
[2017-02-27 15:59:20 -0800] [47678] [CRITICAL] WORKER TIMEOUT (pid:49273)
[2017-02-27 15:59:20 -0800] [47678] [CRITICAL] WORKER TIMEOUT (pid:49269)
[2017-02-27 15:59:20 -0800] [47678] [CRITICAL] WORKER TIMEOUT (pid:49270)
[2017-02-27 15:59:20 -0800] [47678] [CRITICAL] WORKER TIMEOUT (pid:49271)
[2017-02-27 15:59:20 -0800] [47678] [CRITICAL] WORKER TIMEOUT (pid:49272)
[2017-02-27 15:59:20 -0800] [47678] [CRITICAL] WORKER TIMEOUT (pid:49268)
[2017-02-27 15:59:20 -0800] [47678] [CRITICAL] WORKER TIMEOUT (pid:49274)
[2017-02-27 15:59:20 -0800] [47678] [CRITICAL] WORKER TIMEOUT (pid:49275)
[2017-02-27 16:00:28 -0800] [47678] [CRITICAL] WORKER TIMEOUT (pid:49286)
[2017-02-27 16:00:28 -0800] [47678] [CRITICAL] WORKER TIMEOUT (pid:49287)
[2017-02-27 16:00:28 -0800] [47678] [CRITICAL] WORKER TIMEOUT (pid:49288)
[2017-02-27 16:00:28 -0800] [47678] [CRITICAL] WORKER TIMEOUT (pid:49289)
[2017-02-27 16:00:28 -0800] [47678] [CRITICAL] WORKER TIMEOUT (pid:49290)
[2017-02-27 16:00:28 -0800] [47678] [CRITICAL] WORKER TIMEOUT (pid:49291)
[2017-02-27 16:00:28 -0800] [47678] [CRITICAL] WORKER TIMEOUT (pid:49292)
[2017-02-27 16:00:28 -0800] [47678] [CRITICAL] WORKER TIMEOUT (pid:49293)
[2017-02-27 16:00:28 -0800] [47678] [CRITICAL] WORKER TIMEOUT (pid:49294)
[2017-02-27 16:02:35 -0800] [47678] [CRITICAL] WORKER TIMEOUT (pid:49302)
[2017-02-27 16:02:35 -0800] [47678] [CRITICAL] WORKER TIMEOUT (pid:49303)
[2017-02-27 16:02:35 -0800] [47678] [CRITICAL] WORKER TIMEOUT (pid:49304)
[2017-02-27 16:02:35 -0800] [47678] [CRITICAL] WORKER TIMEOUT (pid:49305)
[2017-02-27 16:02:35 -0800] [47678] [CRITICAL] WORKER TIMEOUT (pid:49306)
[2017-02-27 16:02:35 -0800] [47678] [CRITICAL] WORKER TIMEOUT (pid:49307)
[2017-02-27 16:02:35 -0800] [47678] [CRITICAL] WORKER TIMEOUT (pid:49308)
[2017-02-27 16:02:35 -0800] [47678] [CRITICAL] WORKER TIMEOUT (pid:49309)
[2017-02-27 16:02:35 -0800] [47678] [CRITICAL] WORKER TIMEOUT (pid:49310)
[2017-02-27 16:03:51 -0800] [47678] [CRITICAL] WORKER TIMEOUT (pid:49331)
[2017-02-27 16:03:51 -0800] [47678] [CRITICAL] WORKER TIMEOUT (pid:49332)
[2017-02-27 16:03:51 -0800] [47678] [CRITICAL] WORKER TIMEOUT (pid:49334)
[2017-02-27 16:03:51 -0800] [47678] [CRITICAL] WORKER TIMEOUT (pid:49335)
[2017-02-27 16:03:51 -0800] [47678] [CRITICAL] WORKER TIMEOUT (pid:49336)
[2017-02-27 16:03:51 -0800] [47678] [CRITICAL] WORKER TIMEOUT (pid:49337)
[2017-02-27 16:03:51 -0800] [47678] [CRITICAL] WORKER TIMEOUT (pid:49338)
[2017-02-27 16:03:51 -0800] [47678] [CRITICAL] WORKER TIMEOUT (pid:49339)
[2017-02-27 16:03:51 -0800] [47678] [CRITICAL] WORKER TIMEOUT (pid:49340)
[2017-02-27 16:06:35 -0800] [47678] [CRITICAL] WORKER TIMEOUT (pid:49350)
[2017-02-27 16:06:35 -0800] [47678] [CRITICAL] WORKER TIMEOUT (pid:49351)
[2017-02-27 16:06:35 -0800] [47678] [CRITICAL] WORKER TIMEOUT (pid:49352)
[2017-02-27 16:06:35 -0800] [47678] [CRITICAL] WORKER TIMEOUT (pid:49353)
[2017-02-27 16:06:35 -0800] [47678] [CRITICAL] WORKER TIMEOUT (pid:49354)
[2017-02-27 16:06:35 -0800] [47678] [CRITICAL] WORKER TIMEOUT (pid:49355)
[2017-02-27 16:06:35 -0800] [47678] [CRITICAL] WORKER TIMEOUT (pid:49356)
[2017-02-27 16:06:35 -0800] [47678] [CRITICAL] WORKER TIMEOUT (pid:49357)
[2017-02-27 16:06:35 -0800] [47678] [CRITICAL] WORKER TIMEOUT (pid:49358)
[2017-02-27 16:24:53 -0800] [47678] [CRITICAL] WORKER TIMEOUT (pid:49365)
[2017-02-27 16:24:53 -0800] [47678] [CRITICAL] WORKER TIMEOUT (pid:49366)
[2017-02-27 16:24:53 -0800] [47678] [CRITICAL] WORKER TIMEOUT (pid:49367)
[2017-02-27 16:24:53 -0800] [47678] [CRITICAL] WORKER TIMEOUT (pid:49368)
[2017-02-27 16:24:53 -0800] [47678] [CRITICAL] WORKER TIMEOUT (pid:49369)
[2017-02-27 16:24:53 -0800] [47678] [CRITICAL] WORKER TIMEOUT (pid:49370)
[2017-02-27 16:24:53 -0800] [47678] [CRITICAL] WORKER TIMEOUT (pid:49371)
[2017-02-27 16:24:53 -0800] [47678] [CRITICAL] WORKER TIMEOUT (pid:49372)
[2017-02-27 16:24:53 -0800] [47678] [CRITICAL] WORKER TIMEOUT (pid:49373)
[2017-02-27 16:30:27 -0800] [47678] [CRITICAL] WORKER TIMEOUT (pid:49383)
[2017-02-27 16:30:27 -0800] [47678] [CRITICAL] WORKER TIMEOUT (pid:49384)
[2017-02-27 16:30:27 -0800] [47678] [CRITICAL] WORKER TIMEOUT (pid:49385)
[2017-02-27 16:30:27 -0800] [47678] [CRITICAL] WORKER TIMEOUT (pid:49386)
[2017-02-27 16:30:27 -0800] [47678] [CRITICAL] WORKER TIMEOUT (pid:49387)
[2017-02-27 16:30:27 -0800] [47678] [CRITICAL] WORKER TIMEOUT (pid:49388)
[2017-02-27 16:30:27 -0800] [47678] [CRITICAL] WORKER TIMEOUT (pid:49389)
[2017-02-27 16:30:27 -0800] [47678] [CRITICAL] WORKER TIMEOUT (pid:49390)
[2017-02-27 16:30:27 -0800] [47678] [CRITICAL] WORKER TIMEOUT (pid:49391)
[2017-02-27 16:36:27 -0800] [47678] [CRITICAL] WORKER TIMEOUT (pid:49393)
[2017-02-27 16:36:27 -0800] [47678] [CRITICAL] WORKER TIMEOUT (pid:49394)
[2017-02-27 16:36:27 -0800] [47678] [CRITICAL] WORKER TIMEOUT (pid:49395)
[2017-02-27 16:36:27 -0800] [47678] [CRITICAL] WORKER TIMEOUT (pid:49396)
[2017-02-27 16:36:27 -0800] [47678] [CRITICAL] WORKER TIMEOUT (pid:49397)
[2017-02-27 16:36:27 -0800] [47678] [CRITICAL] WORKER TIMEOUT (pid:49398)
[2017-02-27 16:36:27 -0800] [47678] [CRITICAL] WORKER TIMEOUT (pid:49399)
[2017-02-27 16:36:27 -0800] [47678] [CRITICAL] WORKER TIMEOUT (pid:49400)
[2017-02-27 16:36:27 -0800] [47678] [CRITICAL] WORKER TIMEOUT (pid:49401)
[2017-02-27 19:31:20 -0800] [47678] [CRITICAL] WORKER TIMEOUT (pid:49412)
[2017-02-27 19:31:20 -0800] [47678] [CRITICAL] WORKER TIMEOUT (pid:49413)
[2017-02-27 19:31:20 -0800] [47678] [CRITICAL] WORKER TIMEOUT (pid:49414)
[2017-02-27 19:31:20 -0800] [47678] [CRITICAL] WORKER TIMEOUT (pid:49415)
[2017-02-27 19:31:20 -0800] [47678] [CRITICAL] WORKER TIMEOUT (pid:49416)
[2017-02-27 19:31:20 -0800] [47678] [CRITICAL] WORKER TIMEOUT (pid:49417)
[2017-02-27 19:31:20 -0800] [47678] [CRITICAL] WORKER TIMEOUT (pid:49418)
[2017-02-27 19:31:20 -0800] [47678] [CRITICAL] WORKER TIMEOUT (pid:49419)
[2017-02-27 19:31:20 -0800] [47678] [CRITICAL] WORKER TIMEOUT (pid:49420)
[2017-02-27 19:53:03 -0800] [47678] [CRITICAL] WORKER TIMEOUT (pid:49569)
[2017-02-27 19:53:03 -0800] [47678] [CRITICAL] WORKER TIMEOUT (pid:49570)
[2017-02-27 19:53:03 -0800] [47678] [CRITICAL] WORKER TIMEOUT (pid:49571)
[2017-02-27 19:53:03 -0800] [47678] [CRITICAL] WORKER TIMEOUT (pid:49572)
[2017-02-27 19:53:03 -0800] [47678] [CRITICAL] WORKER TIMEOUT (pid:49574)
[2017-02-27 19:53:03 -0800] [47678] [CRITICAL] WORKER TIMEOUT (pid:49575)
[2017-02-27 19:53:03 -0800] [47678] [CRITICAL] WORKER TIMEOUT (pid:49576)
[2017-02-27 19:53:03 -0800] [47678] [CRITICAL] WORKER TIMEOUT (pid:49577)
[2017-02-27 19:53:03 -0800] [47678] [CRITICAL] WORKER TIMEOUT (pid:49578)
[2017-02-27 21:47:20 -0800] [47678] [CRITICAL] WORKER TIMEOUT (pid:49583)
[2017-02-27 21:47:20 -0800] [47678] [CRITICAL] WORKER TIMEOUT (pid:49584)
[2017-02-27 21:47:20 -0800] [47678] [CRITICAL] WORKER TIMEOUT (pid:49585)
[2017-02-27 21:47:20 -0800] [47678] [CRITICAL] WORKER TIMEOUT (pid:49586)
[2017-02-27 21:47:20 -0800] [47678] [CRITICAL] WORKER TIMEOUT (pid:49587)
[2017-02-27 21:47:20 -0800] [47678] [CRITICAL] WORKER TIMEOUT (pid:49588)
[2017-02-27 21:47:20 -0800] [47678] [CRITICAL] WORKER TIMEOUT (pid:49589)
[2017-02-27 21:47:20 -0800] [47678] [CRITICAL] WORKER TIMEOUT (pid:49590)
[2017-02-27 21:47:20 -0800] [47678] [CRITICAL] WORKER TIMEOUT (pid:49591)
[2017-02-27 23:47:30 -0800] [47678] [CRITICAL] WORKER TIMEOUT (pid:49777)
[2017-02-27 23:47:30 -0800] [47678] [CRITICAL] WORKER TIMEOUT (pid:49775)
[2017-02-27 23:47:30 -0800] [47678] [CRITICAL] WORKER TIMEOUT (pid:49776)
[2017-02-27 23:47:30 -0800] [47678] [CRITICAL] WORKER TIMEOUT (pid:49778)
[2017-02-27 23:47:30 -0800] [47678] [CRITICAL] WORKER TIMEOUT (pid:49779)
[2017-02-27 23:47:30 -0800] [47678] [CRITICAL] WORKER TIMEOUT (pid:49780)
[2017-02-27 23:47:30 -0800] [47678] [CRITICAL] WORKER TIMEOUT (pid:49781)
[2017-02-27 23:47:30 -0800] [47678] [CRITICAL] WORKER TIMEOUT (pid:49782)
[2017-02-27 23:47:30 -0800] [47678] [CRITICAL] WORKER TIMEOUT (pid:49783)
[2017-02-28 00:27:20 -0800] [47678] [CRITICAL] WORKER TIMEOUT (pid:49798)
[2017-02-28 00:27:20 -0800] [47678] [CRITICAL] WORKER TIMEOUT (pid:49799)
[2017-02-28 00:27:20 -0800] [47678] [CRITICAL] WORKER TIMEOUT (pid:49800)
[2017-02-28 00:27:20 -0800] [47678] [CRITICAL] WORKER TIMEOUT (pid:49801)
[2017-02-28 00:27:20 -0800] [47678] [CRITICAL] WORKER TIMEOUT (pid:49802)
[2017-02-28 00:27:20 -0800] [47678] [CRITICAL] WORKER TIMEOUT (pid:49803)
[2017-02-28 00:27:20 -0800] [47678] [CRITICAL] WORKER TIMEOUT (pid:49804)
[2017-02-28 00:27:20 -0800] [47678] [CRITICAL] WORKER TIMEOUT (pid:49805)
[2017-02-28 00:27:20 -0800] [47678] [CRITICAL] WORKER TIMEOUT (pid:49806)
[2017-02-28 03:03:03 -0800] [47678] [CRITICAL] WORKER TIMEOUT (pid:49818)
[2017-02-28 03:03:03 -0800] [47678] [CRITICAL] WORKER TIMEOUT (pid:49819)
[2017-02-28 03:03:03 -0800] [47678] [CRITICAL] WORKER TIMEOUT (pid:49820)
[2017-02-28 03:03:03 -0800] [47678] [CRITICAL] WORKER TIMEOUT (pid:49821)
[2017-02-28 03:03:03 -0800] [47678] [CRITICAL] WORKER TIMEOUT (pid:49822)
[2017-02-28 03:03:03 -0800] [47678] [CRITICAL] WORKER TIMEOUT (pid:49823)
[2017-02-28 03:03:03 -0800] [47678] [CRITICAL] WORKER TIMEOUT (pid:49824)
[2017-02-28 03:03:03 -0800] [47678] [CRITICAL] WORKER TIMEOUT (pid:49825)
[2017-02-28 03:03:03 -0800] [47678] [CRITICAL] WORKER TIMEOUT (pid:49826)
[2017-02-28 05:03:52 -0800] [47678] [CRITICAL] WORKER TIMEOUT (pid:49859)
[2017-02-28 07:04:00 -0800] [47678] [CRITICAL] WORKER TIMEOUT (pid:49860)
[2017-02-28 07:04:00 -0800] [47678] [CRITICAL] WORKER TIMEOUT (pid:49861)
[2017-02-28 07:04:00 -0800] [47678] [CRITICAL] WORKER TIMEOUT (pid:49862)
[2017-02-28 07:04:00 -0800] [47678] [CRITICAL] WORKER TIMEOUT (pid:49863)
[2017-02-28 07:04:00 -0800] [47678] [CRITICAL] WORKER TIMEOUT (pid:49864)
[2017-02-28 07:04:00 -0800] [47678] [CRITICAL] WORKER TIMEOUT (pid:49865)
[2017-02-28 07:04:00 -0800] [47678] [CRITICAL] WORKER TIMEOUT (pid:49866)
[2017-02-28 07:04:00 -0800] [47678] [CRITICAL] WORKER TIMEOUT (pid:49867)
[2017-02-28 07:04:00 -0800] [47678] [CRITICAL] WORKER TIMEOUT (pid:49879)
[2017-02-28 07:04:37 -0800] [47678] [CRITICAL] WORKER TIMEOUT (pid:49907)
[2017-02-28 07:04:37 -0800] [47678] [CRITICAL] WORKER TIMEOUT (pid:49908)
[2017-02-28 07:04:37 -0800] [47678] [CRITICAL] WORKER TIMEOUT (pid:49909)
[2017-02-28 07:04:37 -0800] [47678] [CRITICAL] WORKER TIMEOUT (pid:49910)
[2017-02-28 07:04:37 -0800] [47678] [CRITICAL] WORKER TIMEOUT (pid:49911)
[2017-02-28 07:04:37 -0800] [47678] [CRITICAL] WORKER TIMEOUT (pid:49912)
[2017-02-28 07:04:37 -0800] [47678] [CRITICAL] WORKER TIMEOUT (pid:49914)
[2017-02-28 07:04:37 -0800] [47678] [CRITICAL] WORKER TIMEOUT (pid:49915)
[2017-02-28 07:04:37 -0800] [47678] [CRITICAL] WORKER TIMEOUT (pid:49916)
[2017-02-28 07:20:15 -0800] [47678] [CRITICAL] WORKER TIMEOUT (pid:49920)
[2017-02-28 07:20:15 -0800] [47678] [CRITICAL] WORKER TIMEOUT (pid:49921)
[2017-02-28 07:20:15 -0800] [47678] [CRITICAL] WORKER TIMEOUT (pid:49922)
[2017-02-28 07:20:15 -0800] [47678] [CRITICAL] WORKER TIMEOUT (pid:49923)
[2017-02-28 07:20:15 -0800] [47678] [CRITICAL] WORKER TIMEOUT (pid:49924)
[2017-02-28 07:20:15 -0800] [47678] [CRITICAL] WORKER TIMEOUT (pid:49925)
[2017-02-28 07:20:15 -0800] [47678] [CRITICAL] WORKER TIMEOUT (pid:49926)
[2017-02-28 07:20:15 -0800] [47678] [CRITICAL] WORKER TIMEOUT (pid:49927)
[2017-02-28 07:20:15 -0800] [47678] [CRITICAL] WORKER TIMEOUT (pid:49919)
[2017-02-28 07:36:37 -0800] [47678] [CRITICAL] WORKER TIMEOUT (pid:49952)
[2017-02-28 07:36:37 -0800] [47678] [CRITICAL] WORKER TIMEOUT (pid:49953)
[2017-02-28 07:36:37 -0800] [47678] [CRITICAL] WORKER TIMEOUT (pid:49954)
[2017-02-28 07:36:37 -0800] [47678] [CRITICAL] WORKER TIMEOUT (pid:49955)
[2017-02-28 07:36:37 -0800] [47678] [CRITICAL] WORKER TIMEOUT (pid:49956)
[2017-02-28 07:36:37 -0800] [47678] [CRITICAL] WORKER TIMEOUT (pid:49957)
[2017-02-28 07:36:37 -0800] [47678] [CRITICAL] WORKER TIMEOUT (pid:49958)
[2017-02-28 07:36:37 -0800] [47678] [CRITICAL] WORKER TIMEOUT (pid:49950)
[2017-02-28 07:36:37 -0800] [47678] [CRITICAL] WORKER TIMEOUT (pid:49951)
[2017-02-28 07:42:29 -0800] [47678] [CRITICAL] WORKER TIMEOUT (pid:49963)
[2017-02-28 07:42:29 -0800] [47678] [CRITICAL] WORKER TIMEOUT (pid:49965)
[2017-02-28 07:42:29 -0800] [47678] [CRITICAL] WORKER TIMEOUT (pid:49966)
[2017-02-28 07:42:29 -0800] [47678] [CRITICAL] WORKER TIMEOUT (pid:49968)
[2017-02-28 07:42:29 -0800] [47678] [CRITICAL] WORKER TIMEOUT (pid:49969)
[2017-02-28 07:42:29 -0800] [47678] [CRITICAL] WORKER TIMEOUT (pid:49970)
[2017-02-28 07:43:37 -0800] [47678] [CRITICAL] WORKER TIMEOUT (pid:49988)
[2017-02-28 07:43:37 -0800] [47678] [CRITICAL] WORKER TIMEOUT (pid:49989)
[2017-02-28 07:43:37 -0800] [47678] [CRITICAL] WORKER TIMEOUT (pid:49990)
[2017-02-28 07:43:37 -0800] [47678] [CRITICAL] WORKER TIMEOUT (pid:49991)
[2017-02-28 07:43:37 -0800] [47678] [CRITICAL] WORKER TIMEOUT (pid:49992)
[2017-02-28 07:43:37 -0800] [47678] [CRITICAL] WORKER TIMEOUT (pid:49993)
[2017-02-28 07:43:37 -0800] [47678] [CRITICAL] WORKER TIMEOUT (pid:49964)
[2017-02-28 07:43:37 -0800] [47678] [CRITICAL] WORKER TIMEOUT (pid:49967)
[2017-02-28 07:43:37 -0800] [47678] [CRITICAL] WORKER TIMEOUT (pid:49971)
[2017-02-28 07:44:38 -0800] [47678] [CRITICAL] WORKER TIMEOUT (pid:50003)
[2017-02-28 07:44:38 -0800] [47678] [CRITICAL] WORKER TIMEOUT (pid:50004)
[2017-02-28 07:44:38 -0800] [47678] [CRITICAL] WORKER TIMEOUT (pid:50005)
[2017-02-28 07:44:38 -0800] [47678] [CRITICAL] WORKER TIMEOUT (pid:50006)
[2017-02-28 07:44:38 -0800] [47678] [CRITICAL] WORKER TIMEOUT (pid:50007)
[2017-02-28 07:44:38 -0800] [47678] [CRITICAL] WORKER TIMEOUT (pid:50008)
[2017-02-28 07:44:38 -0800] [47678] [CRITICAL] WORKER TIMEOUT (pid:50009)
[2017-02-28 07:44:38 -0800] [47678] [CRITICAL] WORKER TIMEOUT (pid:50010)
[2017-02-28 07:44:38 -0800] [47678] [CRITICAL] WORKER TIMEOUT (pid:50011)
[2017-02-28 08:00:05 -0800] [47678] [CRITICAL] WORKER TIMEOUT (pid:50028)
[2017-02-28 08:00:05 -0800] [47678] [CRITICAL] WORKER TIMEOUT (pid:50029)
[2017-02-28 08:00:05 -0800] [47678] [CRITICAL] WORKER TIMEOUT (pid:50030)
[2017-02-28 08:00:05 -0800] [47678] [CRITICAL] WORKER TIMEOUT (pid:50031)
[2017-02-28 08:00:05 -0800] [47678] [CRITICAL] WORKER TIMEOUT (pid:50032)
[2017-02-28 08:00:05 -0800] [47678] [CRITICAL] WORKER TIMEOUT (pid:50033)
[2017-02-28 08:00:05 -0800] [47678] [CRITICAL] WORKER TIMEOUT (pid:50034)
[2017-02-28 08:00:05 -0800] [47678] [CRITICAL] WORKER TIMEOUT (pid:50035)
[2017-02-28 08:00:05 -0800] [47678] [CRITICAL] WORKER TIMEOUT (pid:50036)
[2017-02-28 08:18:09 -0800] [47678] [CRITICAL] WORKER TIMEOUT (pid:50048)
[2017-02-28 08:18:09 -0800] [47678] [CRITICAL] WORKER TIMEOUT (pid:50049)
[2017-02-28 08:18:09 -0800] [47678] [CRITICAL] WORKER TIMEOUT (pid:50041)
[2017-02-28 08:18:09 -0800] [47678] [CRITICAL] WORKER TIMEOUT (pid:50042)
[2017-02-28 08:18:09 -0800] [47678] [CRITICAL] WORKER TIMEOUT (pid:50043)
[2017-02-28 08:18:09 -0800] [47678] [CRITICAL] WORKER TIMEOUT (pid:50044)
[2017-02-28 08:18:09 -0800] [47678] [CRITICAL] WORKER TIMEOUT (pid:50045)
[2017-02-28 08:18:09 -0800] [47678] [CRITICAL] WORKER TIMEOUT (pid:50046)
[2017-02-28 08:18:09 -0800] [47678] [CRITICAL] WORKER TIMEOUT (pid:50047)
[2017-02-28 08:33:18 -0800] [47678] [CRITICAL] WORKER TIMEOUT (pid:50051)
[2017-02-28 08:33:18 -0800] [47678] [CRITICAL] WORKER TIMEOUT (pid:50052)
[2017-02-28 08:33:18 -0800] [47678] [CRITICAL] WORKER TIMEOUT (pid:50053)
[2017-02-28 08:33:18 -0800] [47678] [CRITICAL] WORKER TIMEOUT (pid:50054)
[2017-02-28 08:33:18 -0800] [47678] [CRITICAL] WORKER TIMEOUT (pid:50055)
[2017-02-28 08:33:18 -0800] [47678] [CRITICAL] WORKER TIMEOUT (pid:50056)
[2017-02-28 08:33:18 -0800] [47678] [CRITICAL] WORKER TIMEOUT (pid:50057)
[2017-02-28 08:33:18 -0800] [47678] [CRITICAL] WORKER TIMEOUT (pid:50058)
[2017-02-28 08:33:18 -0800] [47678] [CRITICAL] WORKER TIMEOUT (pid:50059)
[2017-02-28 08:48:55 -0800] [47678] [CRITICAL] WORKER TIMEOUT (pid:50063)
[2017-02-28 08:48:55 -0800] [47678] [CRITICAL] WORKER TIMEOUT (pid:50064)
[2017-02-28 08:48:55 -0800] [47678] [CRITICAL] WORKER TIMEOUT (pid:50065)
[2017-02-28 08:48:55 -0800] [47678] [CRITICAL] WORKER TIMEOUT (pid:50066)
[2017-02-28 08:48:55 -0800] [47678] [CRITICAL] WORKER TIMEOUT (pid:50067)
[2017-02-28 08:48:55 -0800] [47678] [CRITICAL] WORKER TIMEOUT (pid:50068)
[2017-02-28 08:48:55 -0800] [47678] [CRITICAL] WORKER TIMEOUT (pid:50069)
[2017-02-28 08:48:55 -0800] [47678] [CRITICAL] WORKER TIMEOUT (pid:50070)
[2017-02-28 08:48:55 -0800] [47678] [CRITICAL] WORKER TIMEOUT (pid:50071)
[2017-02-28 09:06:59 -0800] [47678] [CRITICAL] WORKER TIMEOUT (pid:50081)
[2017-02-28 09:06:59 -0800] [47678] [CRITICAL] WORKER TIMEOUT (pid:50082)
[2017-02-28 09:06:59 -0800] [47678] [CRITICAL] WORKER TIMEOUT (pid:50083)
[2017-02-28 09:06:59 -0800] [47678] [CRITICAL] WORKER TIMEOUT (pid:50084)
[2017-02-28 09:06:59 -0800] [47678] [CRITICAL] WORKER TIMEOUT (pid:50085)
[2017-02-28 09:06:59 -0800] [47678] [CRITICAL] WORKER TIMEOUT (pid:50086)
[2017-02-28 09:06:59 -0800] [47678] [CRITICAL] WORKER TIMEOUT (pid:50087)
[2017-02-28 09:06:59 -0800] [47678] [CRITICAL] WORKER TIMEOUT (pid:50088)
[2017-02-28 09:06:59 -0800] [47678] [CRITICAL] WORKER TIMEOUT (pid:50089)
[2017-02-28 09:25:08 -0800] [47678] [CRITICAL] WORKER TIMEOUT (pid:50090)
[2017-02-28 09:25:08 -0800] [47678] [CRITICAL] WORKER TIMEOUT (pid:50091)
[2017-02-28 09:25:08 -0800] [47678] [CRITICAL] WORKER TIMEOUT (pid:50092)
[2017-02-28 09:25:08 -0800] [47678] [CRITICAL] WORKER TIMEOUT (pid:50093)
[2017-02-28 09:25:08 -0800] [47678] [CRITICAL] WORKER TIMEOUT (pid:50094)
[2017-02-28 09:25:08 -0800] [47678] [CRITICAL] WORKER TIMEOUT (pid:50095)
[2017-02-28 09:25:08 -0800] [47678] [CRITICAL] WORKER TIMEOUT (pid:50096)
[2017-02-28 09:25:08 -0800] [47678] [CRITICAL] WORKER TIMEOUT (pid:50097)
[2017-02-28 09:25:08 -0800] [47678] [CRITICAL] WORKER TIMEOUT (pid:50098)
[2017-02-28 09:28:02 -0800] [47678] [CRITICAL] WORKER TIMEOUT (pid:50102)
[2017-02-28 09:28:02 -0800] [47678] [CRITICAL] WORKER TIMEOUT (pid:50103)
[2017-02-28 09:28:02 -0800] [47678] [CRITICAL] WORKER TIMEOUT (pid:50104)
[2017-02-28 09:28:02 -0800] [47678] [CRITICAL] WORKER TIMEOUT (pid:50105)
[2017-02-28 09:28:02 -0800] [47678] [CRITICAL] WORKER TIMEOUT (pid:50106)
[2017-02-28 09:28:02 -0800] [47678] [CRITICAL] WORKER TIMEOUT (pid:50107)
[2017-02-28 09:28:02 -0800] [47678] [CRITICAL] WORKER TIMEOUT (pid:50108)
[2017-02-28 09:28:02 -0800] [47678] [CRITICAL] WORKER TIMEOUT (pid:50109)
[2017-02-28 09:28:02 -0800] [47678] [CRITICAL] WORKER TIMEOUT (pid:50110)
[2017-02-28 09:30:58 -0800] [47678] [CRITICAL] WORKER TIMEOUT (pid:50112)
[2017-02-28 09:30:58 -0800] [47678] [CRITICAL] WORKER TIMEOUT (pid:50113)
[2017-02-28 09:30:58 -0800] [47678] [CRITICAL] WORKER TIMEOUT (pid:50114)
[2017-02-28 09:30:58 -0800] [47678] [CRITICAL] WORKER TIMEOUT (pid:50115)
[2017-02-28 09:30:58 -0800] [47678] [CRITICAL] WORKER TIMEOUT (pid:50116)
[2017-02-28 09:30:58 -0800] [47678] [CRITICAL] WORKER TIMEOUT (pid:50117)
[2017-02-28 09:30:58 -0800] [47678] [CRITICAL] WORKER TIMEOUT (pid:50118)
[2017-02-28 09:30:58 -0800] [47678] [CRITICAL] WORKER TIMEOUT (pid:50119)
[2017-02-28 09:30:58 -0800] [47678] [CRITICAL] WORKER TIMEOUT (pid:50120)
[2017-03-03 16:55:21 -0800] [55358] [CRITICAL] WORKER TIMEOUT (pid:55362)
[2017-03-03 16:55:21 -0800] [55358] [CRITICAL] WORKER TIMEOUT (pid:55363)
[2017-03-03 16:55:21 -0800] [55358] [CRITICAL] WORKER TIMEOUT (pid:55364)
[2017-03-03 16:55:21 -0800] [55358] [CRITICAL] WORKER TIMEOUT (pid:55365)
[2017-03-03 16:55:21 -0800] [55358] [CRITICAL] WORKER TIMEOUT (pid:55366)
[2017-03-03 16:55:21 -0800] [55358] [CRITICAL] WORKER TIMEOUT (pid:55367)
[2017-03-03 16:55:21 -0800] [55358] [CRITICAL] WORKER TIMEOUT (pid:55368)
[2017-03-03 16:55:21 -0800] [55358] [CRITICAL] WORKER TIMEOUT (pid:55369)
[2017-03-03 16:55:21 -0800] [55358] [CRITICAL] WORKER TIMEOUT (pid:55370)
[2017-03-03 16:56:31 -0800] [55358] [CRITICAL] WORKER TIMEOUT (pid:55680)
[2017-03-03 16:56:31 -0800] [55358] [CRITICAL] WORKER TIMEOUT (pid:55681)
[2017-03-03 16:56:31 -0800] [55358] [CRITICAL] WORKER TIMEOUT (pid:55682)
[2017-03-03 16:56:31 -0800] [55358] [CRITICAL] WORKER TIMEOUT (pid:55684)
[2017-03-03 16:56:31 -0800] [55358] [CRITICAL] WORKER TIMEOUT (pid:55685)
[2017-03-03 16:56:31 -0800] [55358] [CRITICAL] WORKER TIMEOUT (pid:55686)
[2017-03-03 16:56:31 -0800] [55358] [CRITICAL] WORKER TIMEOUT (pid:55687)
[2017-03-03 16:56:31 -0800] [55358] [CRITICAL] WORKER TIMEOUT (pid:55678)
[2017-03-03 16:56:31 -0800] [55358] [CRITICAL] WORKER TIMEOUT (pid:55679)
[2017-03-03 16:58:15 -0800] [55358] [CRITICAL] WORKER TIMEOUT (pid:55701)
[2017-03-03 16:58:15 -0800] [55358] [CRITICAL] WORKER TIMEOUT (pid:55702)
[2017-03-03 16:58:15 -0800] [55358] [CRITICAL] WORKER TIMEOUT (pid:55703)
[2017-03-03 16:58:15 -0800] [55358] [CRITICAL] WORKER TIMEOUT (pid:55704)
[2017-03-03 16:58:15 -0800] [55358] [CRITICAL] WORKER TIMEOUT (pid:55705)
[2017-03-03 16:58:15 -0800] [55358] [CRITICAL] WORKER TIMEOUT (pid:55706)
[2017-03-03 16:58:15 -0800] [55358] [CRITICAL] WORKER TIMEOUT (pid:55708)
[2017-03-03 16:58:15 -0800] [55358] [CRITICAL] WORKER TIMEOUT (pid:55709)
[2017-03-03 16:58:15 -0800] [55358] [CRITICAL] WORKER TIMEOUT (pid:55710)
[2017-03-03 17:00:09 -0800] [55358] [CRITICAL] WORKER TIMEOUT (pid:55719)
[2017-03-03 17:00:09 -0800] [55358] [CRITICAL] WORKER TIMEOUT (pid:55720)
[2017-03-03 17:00:09 -0800] [55358] [CRITICAL] WORKER TIMEOUT (pid:55721)
[2017-03-03 17:00:09 -0800] [55358] [CRITICAL] WORKER TIMEOUT (pid:55722)
[2017-03-03 17:00:09 -0800] [55358] [CRITICAL] WORKER TIMEOUT (pid:55723)
[2017-03-03 17:00:09 -0800] [55358] [CRITICAL] WORKER TIMEOUT (pid:55724)
[2017-03-03 17:00:09 -0800] [55358] [CRITICAL] WORKER TIMEOUT (pid:55725)
[2017-03-03 17:00:09 -0800] [55358] [CRITICAL] WORKER TIMEOUT (pid:55726)
[2017-03-03 17:00:09 -0800] [55358] [CRITICAL] WORKER TIMEOUT (pid:55727)
[2017-03-03 17:18:14 -0800] [55358] [CRITICAL] WORKER TIMEOUT (pid:55744)
[2017-03-03 17:18:14 -0800] [55358] [CRITICAL] WORKER TIMEOUT (pid:55736)
[2017-03-03 17:18:14 -0800] [55358] [CRITICAL] WORKER TIMEOUT (pid:55737)
[2017-03-03 17:18:14 -0800] [55358] [CRITICAL] WORKER TIMEOUT (pid:55738)
[2017-03-03 17:18:14 -0800] [55358] [CRITICAL] WORKER TIMEOUT (pid:55739)
[2017-03-03 17:18:14 -0800] [55358] [CRITICAL] WORKER TIMEOUT (pid:55740)
[2017-03-03 17:18:14 -0800] [55358] [CRITICAL] WORKER TIMEOUT (pid:55741)
[2017-03-03 17:18:14 -0800] [55358] [CRITICAL] WORKER TIMEOUT (pid:55742)
[2017-03-03 17:18:14 -0800] [55358] [CRITICAL] WORKER TIMEOUT (pid:55743)
[2017-03-03 17:24:12 -0800] [55358] [CRITICAL] WORKER TIMEOUT (pid:55759)
[2017-03-03 17:24:12 -0800] [55358] [CRITICAL] WORKER TIMEOUT (pid:55760)
[2017-03-03 17:24:12 -0800] [55358] [CRITICAL] WORKER TIMEOUT (pid:55761)
[2017-03-03 17:24:12 -0800] [55358] [CRITICAL] WORKER TIMEOUT (pid:55762)
[2017-03-03 17:24:12 -0800] [55358] [CRITICAL] WORKER TIMEOUT (pid:55763)
[2017-03-03 17:24:12 -0800] [55358] [CRITICAL] WORKER TIMEOUT (pid:55765)
[2017-03-03 17:24:12 -0800] [55358] [CRITICAL] WORKER TIMEOUT (pid:55766)
[2017-03-03 17:24:12 -0800] [55358] [CRITICAL] WORKER TIMEOUT (pid:55767)
[2017-03-03 17:24:12 -0800] [55358] [CRITICAL] WORKER TIMEOUT (pid:55768)
[2017-03-03 18:31:39 -0800] [55358] [CRITICAL] WORKER TIMEOUT (pid:55776)
[2017-03-03 18:31:39 -0800] [55358] [CRITICAL] WORKER TIMEOUT (pid:55777)
[2017-03-03 18:31:39 -0800] [55358] [CRITICAL] WORKER TIMEOUT (pid:55778)
[2017-03-03 18:31:39 -0800] [55358] [CRITICAL] WORKER TIMEOUT (pid:55779)
[2017-03-03 18:31:39 -0800] [55358] [CRITICAL] WORKER TIMEOUT (pid:55771)
[2017-03-03 18:31:39 -0800] [55358] [CRITICAL] WORKER TIMEOUT (pid:55772)
[2017-03-03 18:31:39 -0800] [55358] [CRITICAL] WORKER TIMEOUT (pid:55773)
[2017-03-03 18:31:39 -0800] [55358] [CRITICAL] WORKER TIMEOUT (pid:55774)
[2017-03-03 18:31:39 -0800] [55358] [CRITICAL] WORKER TIMEOUT (pid:55775)
[2017-03-03 20:03:59 -0800] [56021] [CRITICAL] WORKER TIMEOUT (pid:56033)
[2017-03-03 20:03:59 -0800] [56021] [CRITICAL] WORKER TIMEOUT (pid:56025)
[2017-03-03 20:03:59 -0800] [56021] [CRITICAL] WORKER TIMEOUT (pid:56030)
[2017-03-03 23:22:32 -0800] [56021] [CRITICAL] WORKER TIMEOUT (pid:56032)
[2017-03-03 23:22:32 -0800] [56021] [CRITICAL] WORKER TIMEOUT (pid:56213)
[2017-03-03 23:22:32 -0800] [56021] [CRITICAL] WORKER TIMEOUT (pid:56214)
[2017-03-03 23:22:32 -0800] [56021] [CRITICAL] WORKER TIMEOUT (pid:56215)
[2017-03-03 23:22:32 -0800] [56021] [CRITICAL] WORKER TIMEOUT (pid:56026)
[2017-03-03 23:22:32 -0800] [56021] [CRITICAL] WORKER TIMEOUT (pid:56027)
[2017-03-03 23:22:32 -0800] [56021] [CRITICAL] WORKER TIMEOUT (pid:56028)
[2017-03-03 23:22:32 -0800] [56021] [CRITICAL] WORKER TIMEOUT (pid:56029)
[2017-03-03 23:22:32 -0800] [56021] [CRITICAL] WORKER TIMEOUT (pid:56031)
[2017-03-04 00:22:38 -0800] [56021] [CRITICAL] WORKER TIMEOUT (pid:56352)
[2017-03-04 00:22:38 -0800] [56021] [CRITICAL] WORKER TIMEOUT (pid:56353)
[2017-03-04 00:22:38 -0800] [56021] [CRITICAL] WORKER TIMEOUT (pid:56354)
[2017-03-04 00:22:38 -0800] [56021] [CRITICAL] WORKER TIMEOUT (pid:56355)
[2017-03-04 00:22:38 -0800] [56021] [CRITICAL] WORKER TIMEOUT (pid:56356)
[2017-03-04 00:22:38 -0800] [56021] [CRITICAL] WORKER TIMEOUT (pid:56348)
[2017-03-04 00:22:38 -0800] [56021] [CRITICAL] WORKER TIMEOUT (pid:56349)
[2017-03-04 00:22:38 -0800] [56021] [CRITICAL] WORKER TIMEOUT (pid:56350)
[2017-03-04 00:22:38 -0800] [56021] [CRITICAL] WORKER TIMEOUT (pid:56351)
[2017-03-04 02:22:46 -0800] [56021] [CRITICAL] WORKER TIMEOUT (pid:56368)
[2017-03-04 03:13:07 -0800] [56021] [CRITICAL] WORKER TIMEOUT (pid:56363)
[2017-03-04 03:13:07 -0800] [56021] [CRITICAL] WORKER TIMEOUT (pid:56364)
[2017-03-04 03:13:07 -0800] [56021] [CRITICAL] WORKER TIMEOUT (pid:56365)
[2017-03-04 03:13:07 -0800] [56021] [CRITICAL] WORKER TIMEOUT (pid:56366)
[2017-03-04 03:13:07 -0800] [56021] [CRITICAL] WORKER TIMEOUT (pid:56367)
[2017-03-04 03:13:07 -0800] [56021] [CRITICAL] WORKER TIMEOUT (pid:56369)
[2017-03-04 03:13:07 -0800] [56021] [CRITICAL] WORKER TIMEOUT (pid:56370)
[2017-03-04 03:13:07 -0800] [56021] [CRITICAL] WORKER TIMEOUT (pid:56371)
[2017-03-04 03:13:07 -0800] [56021] [CRITICAL] WORKER TIMEOUT (pid:56377)
[2017-03-04 05:13:56 -0800] [56021] [CRITICAL] WORKER TIMEOUT (pid:56392)
[2017-03-04 05:13:56 -0800] [56021] [CRITICAL] WORKER TIMEOUT (pid:56394)
[2017-03-04 05:13:56 -0800] [56021] [CRITICAL] WORKER TIMEOUT (pid:56395)
[2017-03-04 05:13:56 -0800] [56021] [CRITICAL] WORKER TIMEOUT (pid:56397)
[2017-03-04 05:13:56 -0800] [56021] [CRITICAL] WORKER TIMEOUT (pid:56398)
[2017-03-04 05:13:56 -0800] [56021] [CRITICAL] WORKER TIMEOUT (pid:56399)
[2017-03-04 05:13:56 -0800] [56392] [ERROR] Exception in worker process:
Traceback (most recent call last):
  File "/usr/local/lib/python2.7/site-packages/gunicorn/arbiter.py", line 515, in spawn_worker
    worker.init_process()
  File "/usr/local/lib/python2.7/site-packages/gunicorn/workers/base.py", line 126, in init_process
    self.run()
  File "/usr/local/lib/python2.7/site-packages/gunicorn/workers/sync.py", line 119, in run
    self.run_for_one(timeout)
  File "/usr/local/lib/python2.7/site-packages/gunicorn/workers/sync.py", line 81, in run_for_one
    self.wait(timeout)
  File "/usr/local/lib/python2.7/site-packages/gunicorn/workers/sync.py", line 35, in wait
    ret = select.select(self.sockets, [], self.PIPE, timeout)
TypeError: argument must be an int, or have a fileno() method.
Traceback (most recent call last):
  File "/usr/local/lib/python2.7/site-packages/gunicorn/arbiter.py", line 515, in spawn_worker
    worker.init_process()
  File "/usr/local/lib/python2.7/site-packages/gunicorn/workers/base.py", line 126, in init_process
    self.run()
  File "/usr/local/lib/python2.7/site-packages/gunicorn/workers/sync.py", line 119, in run
    self.run_for_one(timeout)
  File "/usr/local/lib/python2.7/site-packages/gunicorn/workers/sync.py", line 81, in run_for_one
    self.wait(timeout)
  File "/usr/local/lib/python2.7/site-packages/gunicorn/workers/sync.py", line 35, in wait
    ret = select.select(self.sockets, [], self.PIPE, timeout)
TypeError: argument must be an int, or have a fileno() method.
[2017-03-04 07:14:30 -0800] [56021] [CRITICAL] WORKER TIMEOUT (pid:56393)
[2017-03-04 07:14:30 -0800] [56021] [CRITICAL] WORKER TIMEOUT (pid:56396)
[2017-03-04 07:14:30 -0800] [56021] [CRITICAL] WORKER TIMEOUT (pid:56400)
[2017-03-04 08:50:46 -0800] [56021] [CRITICAL] WORKER TIMEOUT (pid:56417)
[2017-03-04 08:50:46 -0800] [56021] [CRITICAL] WORKER TIMEOUT (pid:56418)
[2017-03-04 08:50:46 -0800] [56021] [CRITICAL] WORKER TIMEOUT (pid:56419)
[2017-03-04 08:50:46 -0800] [56021] [CRITICAL] WORKER TIMEOUT (pid:56420)
[2017-03-04 08:50:46 -0800] [56021] [CRITICAL] WORKER TIMEOUT (pid:56421)
[2017-03-04 08:50:46 -0800] [56021] [CRITICAL] WORKER TIMEOUT (pid:56422)
[2017-03-04 08:50:46 -0800] [56021] [CRITICAL] WORKER TIMEOUT (pid:56465)
[2017-03-04 08:50:46 -0800] [56021] [CRITICAL] WORKER TIMEOUT (pid:56466)
[2017-03-04 08:50:46 -0800] [56021] [CRITICAL] WORKER TIMEOUT (pid:56467)
[2017-03-04 19:38:45 -0800] [56021] [CRITICAL] WORKER TIMEOUT (pid:56480)
[2017-03-04 19:38:45 -0800] [56021] [CRITICAL] WORKER TIMEOUT (pid:56481)
[2017-03-04 19:38:45 -0800] [56021] [CRITICAL] WORKER TIMEOUT (pid:56475)
[2017-03-04 19:38:45 -0800] [56021] [CRITICAL] WORKER TIMEOUT (pid:56476)
[2017-03-04 19:38:45 -0800] [56021] [CRITICAL] WORKER TIMEOUT (pid:56477)
[2017-03-04 19:38:45 -0800] [56021] [CRITICAL] WORKER TIMEOUT (pid:56478)
[2017-03-04 19:38:45 -0800] [56021] [CRITICAL] WORKER TIMEOUT (pid:56479)
[2017-03-04 20:38:52 -0800] [56021] [CRITICAL] WORKER TIMEOUT (pid:57665)
[2017-03-04 20:38:52 -0800] [56021] [CRITICAL] WORKER TIMEOUT (pid:57666)
[2017-03-04 20:38:52 -0800] [56021] [CRITICAL] WORKER TIMEOUT (pid:57667)
[2017-03-04 20:38:52 -0800] [56021] [CRITICAL] WORKER TIMEOUT (pid:56482)
[2017-03-04 20:38:52 -0800] [56021] [CRITICAL] WORKER TIMEOUT (pid:56483)
[2017-03-04 20:38:52 -0800] [56021] [CRITICAL] WORKER TIMEOUT (pid:57660)
[2017-03-04 20:38:52 -0800] [56021] [CRITICAL] WORKER TIMEOUT (pid:57661)
[2017-03-04 20:38:52 -0800] [56021] [CRITICAL] WORKER TIMEOUT (pid:57662)
[2017-03-04 20:38:52 -0800] [56021] [CRITICAL] WORKER TIMEOUT (pid:57663)
[2017-03-04 22:39:00 -0800] [56021] [CRITICAL] WORKER TIMEOUT (pid:57669)
[2017-03-05 00:39:12 -0800] [56021] [CRITICAL] WORKER TIMEOUT (pid:57670)
[2017-03-05 02:39:20 -0800] [56021] [CRITICAL] WORKER TIMEOUT (pid:57676)
[2017-03-05 02:39:20 -0800] [56021] [CRITICAL] WORKER TIMEOUT (pid:57677)
[2017-03-05 02:39:20 -0800] [56021] [CRITICAL] WORKER TIMEOUT (pid:57705)
[2017-03-05 04:39:32 -0800] [56021] [CRITICAL] WORKER TIMEOUT (pid:57720)
[2017-03-05 04:39:32 -0800] [56021] [CRITICAL] WORKER TIMEOUT (pid:57721)
[2017-03-05 04:39:32 -0800] [56021] [CRITICAL] WORKER TIMEOUT (pid:57722)
[2017-03-05 05:39:18 -0800] [56021] [CRITICAL] WORKER TIMEOUT (pid:57730)
[2017-03-05 05:39:18 -0800] [56021] [CRITICAL] WORKER TIMEOUT (pid:57731)
[2017-03-05 05:39:18 -0800] [56021] [CRITICAL] WORKER TIMEOUT (pid:57732)
[2017-03-05 05:39:18 -0800] [56021] [CRITICAL] WORKER TIMEOUT (pid:57671)
[2017-03-05 05:39:18 -0800] [56021] [CRITICAL] WORKER TIMEOUT (pid:57672)
[2017-03-05 05:39:18 -0800] [56021] [CRITICAL] WORKER TIMEOUT (pid:57673)
[2017-03-05 05:39:18 -0800] [56021] [CRITICAL] WORKER TIMEOUT (pid:57674)
[2017-03-05 05:39:18 -0800] [56021] [CRITICAL] WORKER TIMEOUT (pid:57675)
[2017-03-05 05:39:18 -0800] [56021] [CRITICAL] WORKER TIMEOUT (pid:57684)
[2017-03-05 19:18:48 -0800] [56021] [CRITICAL] WORKER TIMEOUT (pid:57762)
[2017-03-05 19:18:48 -0800] [56021] [CRITICAL] WORKER TIMEOUT (pid:57763)
[2017-03-05 19:18:48 -0800] [56021] [CRITICAL] WORKER TIMEOUT (pid:57764)
[2017-03-05 19:18:48 -0800] [56021] [CRITICAL] WORKER TIMEOUT (pid:57765)
[2017-03-05 19:18:48 -0800] [56021] [CRITICAL] WORKER TIMEOUT (pid:57766)
[2017-03-05 19:18:48 -0800] [56021] [CRITICAL] WORKER TIMEOUT (pid:57767)
[2017-03-05 19:18:48 -0800] [56021] [CRITICAL] WORKER TIMEOUT (pid:57768)
[2017-03-05 19:18:48 -0800] [56021] [CRITICAL] WORKER TIMEOUT (pid:57769)
[2017-03-05 19:18:48 -0800] [56021] [CRITICAL] WORKER TIMEOUT (pid:57770)
[2017-03-06 00:51:16 -0800] [56021] [CRITICAL] WORKER TIMEOUT (pid:57780)
[2017-03-06 00:51:16 -0800] [56021] [CRITICAL] WORKER TIMEOUT (pid:57781)
[2017-03-06 00:51:16 -0800] [56021] [CRITICAL] WORKER TIMEOUT (pid:57782)
[2017-03-06 00:51:16 -0800] [56021] [CRITICAL] WORKER TIMEOUT (pid:57783)
[2017-03-06 00:51:16 -0800] [56021] [CRITICAL] WORKER TIMEOUT (pid:57784)
[2017-03-06 00:51:16 -0800] [56021] [CRITICAL] WORKER TIMEOUT (pid:57785)
[2017-03-06 00:51:16 -0800] [56021] [CRITICAL] WORKER TIMEOUT (pid:57786)
[2017-03-06 00:51:16 -0800] [56021] [CRITICAL] WORKER TIMEOUT (pid:57787)
[2017-03-06 00:51:16 -0800] [56021] [CRITICAL] WORKER TIMEOUT (pid:57788)
[2017-03-06 01:51:20 -0800] [56021] [CRITICAL] WORKER TIMEOUT (pid:58176)
[2017-03-06 01:51:20 -0800] [56021] [CRITICAL] WORKER TIMEOUT (pid:58177)
[2017-03-06 01:51:20 -0800] [56021] [CRITICAL] WORKER TIMEOUT (pid:58178)
[2017-03-06 01:51:20 -0800] [56021] [CRITICAL] WORKER TIMEOUT (pid:58179)
[2017-03-06 01:51:20 -0800] [56021] [CRITICAL] WORKER TIMEOUT (pid:58180)
[2017-03-06 01:51:20 -0800] [56021] [CRITICAL] WORKER TIMEOUT (pid:58181)
[2017-03-06 01:51:20 -0800] [56021] [CRITICAL] WORKER TIMEOUT (pid:58182)
[2017-03-06 01:51:20 -0800] [56021] [CRITICAL] WORKER TIMEOUT (pid:58183)
[2017-03-06 01:51:20 -0800] [56021] [CRITICAL] WORKER TIMEOUT (pid:58175)
[2017-03-06 03:51:28 -0800] [56021] [CRITICAL] WORKER TIMEOUT (pid:58188)
[2017-03-06 03:51:28 -0800] [56021] [CRITICAL] WORKER TIMEOUT (pid:58189)
[2017-03-06 03:51:28 -0800] [56021] [CRITICAL] WORKER TIMEOUT (pid:58190)
[2017-03-06 03:51:28 -0800] [56021] [CRITICAL] WORKER TIMEOUT (pid:58191)
[2017-03-06 03:51:28 -0800] [56021] [CRITICAL] WORKER TIMEOUT (pid:58192)
[2017-03-06 03:51:28 -0800] [56021] [CRITICAL] WORKER TIMEOUT (pid:58195)
[2017-03-06 03:51:28 -0800] [56021] [CRITICAL] WORKER TIMEOUT (pid:58196)
[2017-03-06 03:51:28 -0800] [56021] [CRITICAL] WORKER TIMEOUT (pid:58198)
[2017-03-06 03:51:28 -0800] [56021] [CRITICAL] WORKER TIMEOUT (pid:58201)
[2017-03-06 05:51:36 -0800] [56021] [CRITICAL] WORKER TIMEOUT (pid:58214)
[2017-03-06 05:51:36 -0800] [56021] [CRITICAL] WORKER TIMEOUT (pid:58215)
[2017-03-06 05:51:36 -0800] [56021] [CRITICAL] WORKER TIMEOUT (pid:58216)
[2017-03-06 05:51:36 -0800] [56021] [CRITICAL] WORKER TIMEOUT (pid:58217)
[2017-03-06 05:51:36 -0800] [56021] [CRITICAL] WORKER TIMEOUT (pid:58218)
[2017-03-06 05:51:36 -0800] [56021] [CRITICAL] WORKER TIMEOUT (pid:58219)
[2017-03-06 05:51:36 -0800] [56021] [CRITICAL] WORKER TIMEOUT (pid:58220)
[2017-03-06 05:51:36 -0800] [56021] [CRITICAL] WORKER TIMEOUT (pid:58222)
[2017-03-06 05:51:36 -0800] [56021] [CRITICAL] WORKER TIMEOUT (pid:58223)
[2017-03-06 07:51:57 -0800] [56021] [CRITICAL] WORKER TIMEOUT (pid:58260)
[2017-03-06 07:51:57 -0800] [56021] [CRITICAL] WORKER TIMEOUT (pid:58261)
[2017-03-06 07:51:57 -0800] [56021] [CRITICAL] WORKER TIMEOUT (pid:58262)
[2017-03-06 07:51:57 -0800] [56021] [CRITICAL] WORKER TIMEOUT (pid:58263)
[2017-03-06 07:51:57 -0800] [56021] [CRITICAL] WORKER TIMEOUT (pid:58264)
[2017-03-06 07:51:57 -0800] [56021] [CRITICAL] WORKER TIMEOUT (pid:58265)
[2017-03-06 07:51:57 -0800] [56021] [CRITICAL] WORKER TIMEOUT (pid:58266)
[2017-03-06 07:51:57 -0800] [56021] [CRITICAL] WORKER TIMEOUT (pid:58267)
[2017-03-06 07:51:57 -0800] [56021] [CRITICAL] WORKER TIMEOUT (pid:58268)
[2017-03-06 09:52:05 -0800] [56021] [CRITICAL] WORKER TIMEOUT (pid:58280)
[2017-03-06 09:52:05 -0800] [56021] [CRITICAL] WORKER TIMEOUT (pid:58281)
[2017-03-06 09:52:05 -0800] [56021] [CRITICAL] WORKER TIMEOUT (pid:58282)
[2017-03-06 09:52:05 -0800] [56021] [CRITICAL] WORKER TIMEOUT (pid:58283)
[2017-03-06 09:52:05 -0800] [56021] [CRITICAL] WORKER TIMEOUT (pid:58284)
[2017-03-06 09:52:05 -0800] [56021] [CRITICAL] WORKER TIMEOUT (pid:58285)
[2017-03-06 09:52:05 -0800] [56021] [CRITICAL] WORKER TIMEOUT (pid:58286)
[2017-03-06 09:52:05 -0800] [56021] [CRITICAL] WORKER TIMEOUT (pid:58287)
[2017-03-06 09:52:05 -0800] [56021] [CRITICAL] WORKER TIMEOUT (pid:58288)
[2017-03-06 09:58:28 -0800] [56021] [CRITICAL] WORKER TIMEOUT (pid:58304)
[2017-03-06 09:58:28 -0800] [56021] [CRITICAL] WORKER TIMEOUT (pid:58305)
[2017-03-06 09:58:28 -0800] [56021] [CRITICAL] WORKER TIMEOUT (pid:58306)
[2017-03-06 09:58:28 -0800] [56021] [CRITICAL] WORKER TIMEOUT (pid:58297)
[2017-03-06 09:58:28 -0800] [56021] [CRITICAL] WORKER TIMEOUT (pid:58298)
[2017-03-06 09:58:28 -0800] [56021] [CRITICAL] WORKER TIMEOUT (pid:58299)
[2017-03-06 09:58:28 -0800] [56021] [CRITICAL] WORKER TIMEOUT (pid:58301)
[2017-03-06 09:58:28 -0800] [56021] [CRITICAL] WORKER TIMEOUT (pid:58302)
[2017-03-06 09:58:28 -0800] [56021] [CRITICAL] WORKER TIMEOUT (pid:58303)
[2017-03-06 10:12:37 -0800] [56021] [CRITICAL] WORKER TIMEOUT (pid:58324)
[2017-03-06 10:12:37 -0800] [56021] [CRITICAL] WORKER TIMEOUT (pid:58325)
[2017-03-06 10:12:37 -0800] [56021] [CRITICAL] WORKER TIMEOUT (pid:58326)
[2017-03-06 10:12:37 -0800] [56021] [CRITICAL] WORKER TIMEOUT (pid:58327)
[2017-03-06 10:12:37 -0800] [56021] [CRITICAL] WORKER TIMEOUT (pid:58328)
[2017-03-06 10:12:37 -0800] [56021] [CRITICAL] WORKER TIMEOUT (pid:58329)
[2017-03-06 10:12:37 -0800] [56021] [CRITICAL] WORKER TIMEOUT (pid:58330)
[2017-03-06 10:12:37 -0800] [56021] [CRITICAL] WORKER TIMEOUT (pid:58332)
[2017-03-06 10:12:37 -0800] [56021] [CRITICAL] WORKER TIMEOUT (pid:58333)
[2017-03-06 10:14:57 -0800] [56021] [CRITICAL] WORKER TIMEOUT (pid:58340)
[2017-03-06 10:14:57 -0800] [56021] [CRITICAL] WORKER TIMEOUT (pid:58341)
[2017-03-06 10:14:57 -0800] [56021] [CRITICAL] WORKER TIMEOUT (pid:58342)
[2017-03-06 10:14:57 -0800] [56021] [CRITICAL] WORKER TIMEOUT (pid:58343)
[2017-03-06 10:14:57 -0800] [56021] [CRITICAL] WORKER TIMEOUT (pid:58344)
[2017-03-06 10:14:57 -0800] [56021] [CRITICAL] WORKER TIMEOUT (pid:58345)
[2017-03-06 10:14:57 -0800] [56021] [CRITICAL] WORKER TIMEOUT (pid:58346)
[2017-03-06 10:14:57 -0800] [56021] [CRITICAL] WORKER TIMEOUT (pid:58347)
[2017-03-06 10:14:57 -0800] [56021] [CRITICAL] WORKER TIMEOUT (pid:58348)
[2017-03-06 10:16:47 -0800] [56021] [CRITICAL] WORKER TIMEOUT (pid:58368)
[2017-03-06 10:16:47 -0800] [56021] [CRITICAL] WORKER TIMEOUT (pid:58369)
[2017-03-06 10:16:47 -0800] [56021] [CRITICAL] WORKER TIMEOUT (pid:58370)
[2017-03-06 10:16:47 -0800] [56021] [CRITICAL] WORKER TIMEOUT (pid:58371)
[2017-03-06 10:16:47 -0800] [56021] [CRITICAL] WORKER TIMEOUT (pid:58372)
[2017-03-06 10:16:47 -0800] [56021] [CRITICAL] WORKER TIMEOUT (pid:58373)
[2017-03-06 10:16:47 -0800] [56021] [CRITICAL] WORKER TIMEOUT (pid:58365)
[2017-03-06 10:16:47 -0800] [56021] [CRITICAL] WORKER TIMEOUT (pid:58366)
[2017-03-06 10:16:47 -0800] [56021] [CRITICAL] WORKER TIMEOUT (pid:58367)
[2017-03-06 10:18:09 -0800] [56021] [CRITICAL] WORKER TIMEOUT (pid:58385)
[2017-03-06 10:18:09 -0800] [56021] [CRITICAL] WORKER TIMEOUT (pid:58386)
[2017-03-06 10:18:09 -0800] [56021] [CRITICAL] WORKER TIMEOUT (pid:58387)
[2017-03-06 10:18:09 -0800] [56021] [CRITICAL] WORKER TIMEOUT (pid:58388)
[2017-03-06 10:18:09 -0800] [56021] [CRITICAL] WORKER TIMEOUT (pid:58389)
[2017-03-06 10:18:09 -0800] [56021] [CRITICAL] WORKER TIMEOUT (pid:58390)
[2017-03-06 10:18:09 -0800] [56021] [CRITICAL] WORKER TIMEOUT (pid:58391)
[2017-03-06 10:18:09 -0800] [56021] [CRITICAL] WORKER TIMEOUT (pid:58392)
[2017-03-06 10:18:09 -0800] [56021] [CRITICAL] WORKER TIMEOUT (pid:58393)
